<?xml version="1.0" encoding="UTF-8"?>
<!-- Generated by org.testng.reporters.JUnitReportReporter -->
<testsuite skipped="0" hostname="krish" name="basics.c1" tests="1" failures="0" timestamp="02 Oct 2022 02:54:24 GMT" time="2.866" errors="0">
  <testcase name="h" time="2.866" classname="basics.c1"/>
</testsuite> <!-- basics.c1 -->
